[2026-02-02T16:11:14.373047] Encontradas 4 tareas pendientes
[2026-02-02T16:11:14.373392] Ejecutando: [e-commerce-pyme] Implementar WhatsApp Bot básico (/ventas, /stock)
[2026-02-02T16:11:14.373503] ✅ Completada: Implementar WhatsApp Bot básico (/ventas, /stock)
[2026-02-02T16:11:14.373611] Ejecutando: [comenzar] Medir conversión landing
[2026-02-02T16:11:14.373690] ✅ Completada: Medir conversión landing
[2026-02-02T16:11:14.374275] Ciclo completado. Total iteraciones: 1
[2026-02-02T16:12:23.587073] Encontradas 6 tareas pendientes
[2026-02-02T16:12:23.587317] Ejecutando: [web-personal] Deploy paulosaldivar.cv
[2026-02-02T16:12:23.587410] ✅ Completada: Deploy paulosaldivar.cv
[2026-02-02T16:12:23.587478] Ejecutando: [pauloaris] Implementar Heartbeat System
[2026-02-02T16:12:23.587555] ✅ Completada: Implementar Heartbeat System
[2026-02-02T16:12:23.588254] Ciclo completado. Total iteraciones: 2
[2026-02-02T16:24:42.008262] Encontradas 7 tareas pendientes
[2026-02-02T16:24:42.008498] Ejecutando: [pauloaris] Actualizar documentación README del sistema
[2026-02-02T16:24:42.008597] ✅ Completada: Actualizar documentación README del sistema
[2026-02-02T16:24:42.008664] Ejecutando: [pauloaris] Mejorar dashboard con gráficos
[2026-02-02T16:24:42.008743] ✅ Completada: Mejorar dashboard con gráficos
[2026-02-02T16:24:42.009501] Ciclo completado. Total iteraciones: 3
[2026-02-02T16:25:14.366644] Encontradas 9 tareas pendientes
[2026-02-02T16:25:14.366887] Ejecutando: [pauloaris] Instalar script de healthcheck automático
[2026-02-02T16:25:14.366985] ✅ Completada: Instalar script de healthcheck automático
[2026-02-02T16:25:14.367052] Ejecutando: [pauloaris] Crear script de backup automático
[2026-02-02T16:25:14.367132] ✅ Completada: Crear script de backup automático
[2026-02-02T16:25:14.368005] Ciclo completado. Total iteraciones: 4
[2026-02-02T16:25:23.186384] Encontradas 11 tareas pendientes
[2026-02-02T16:25:23.186640] Ejecutando: [pauloaris] Evaluar SaulLM para procesamiento local de documentos
[2026-02-02T16:25:23.186733] ✅ Completada: Evaluar SaulLM para procesamiento local de documentos
[2026-02-02T16:25:23.186802] Ejecutando: [pauloaris] Añadir estructura OSCAL a documentación de compliance
[2026-02-02T16:25:23.186883] ✅ Completada: Añadir estructura OSCAL a documentación de compliance
[2026-02-02T16:25:23.187857] Ciclo completado. Total iteraciones: 5
[2026-02-02T16:28:06.171464] Encontradas 9 tareas pendientes
[2026-02-02T16:28:06.171707] Ejecutando: [pauloaris] Implementar routing híbrido local/cloud para modelos
[2026-02-02T16:28:06.171801] ✅ Completada: Implementar routing híbrido local/cloud para modelos
[2026-02-02T16:28:06.171868] Ejecutando: [pauloaris] Implementar backup automático con git cron
[2026-02-02T16:28:06.171947] ✅ Completada: Implementar backup automático con git cron
[2026-02-02T16:28:06.172918] Ciclo completado. Total iteraciones: 6
[2026-02-02T16:28:17.100407] Encontradas 7 tareas pendientes
[2026-02-02T16:28:17.100664] Ejecutando: [pauloaris] Crear script de healthcheck mejorado con alertas
[2026-02-02T16:28:17.100761] ✅ Completada: Crear script de healthcheck mejorado con alertas
[2026-02-02T16:28:17.100831] Ejecutando: [pauloaris] Documentar arquitectura técnica completa
[2026-02-02T16:28:17.100912] ✅ Completada: Documentar arquitectura técnica completa
[2026-02-02T16:28:17.101952] Ciclo completado. Total iteraciones: 7
[2026-02-02T16:28:24.693805] Encontradas 5 tareas pendientes
[2026-02-02T16:28:24.694064] Ejecutando: [pauloaris] Configurar métricas de rendimiento (latencia, uptime)
[2026-02-02T16:28:24.694159] ✅ Completada: Configurar métricas de rendimiento (latencia, uptime)
[2026-02-02T16:28:24.694226] Ejecutando: [pauloaris] Crear wiki técnica del sistema
[2026-02-02T16:28:24.694305] ✅ Completada: Crear wiki técnica del sistema
[2026-02-02T16:28:24.695300] Ciclo completado. Total iteraciones: 8
[2026-02-02T16:28:33.190623] Encontradas 3 tareas pendientes
[2026-02-02T16:28:33.190880] Ejecutando: [pauloaris] Configurar métricas Prometheus/Grafana
[2026-02-02T16:28:33.191004] ✅ Completada: Configurar métricas Prometheus/Grafana
[2026-02-02T16:28:33.191067] Ejecutando: [pauloaris] Crear pipeline de CI/CD básico
[2026-02-02T16:28:33.191143] ✅ Completada: Crear pipeline de CI/CD básico
[2026-02-02T16:28:33.192115] Ciclo completado. Total iteraciones: 9
[2026-02-02T16:28:40.680524] Encontradas 1 tareas pendientes
[2026-02-02T16:28:40.680784] Ejecutando: [pauloaris] Implementar sistema de logs estructurados (JSON)
[2026-02-02T16:28:40.680876] ✅ Completada: Implementar sistema de logs estructurados (JSON)
[2026-02-02T16:28:40.681977] Ciclo completado. Total iteraciones: 10
[2026-02-02T16:33:17.139441] Encontradas 2 tareas pendientes
[2026-02-02T16:33:17.139693] Ejecutando: [pauloaris] Configurar participación automática en Moltbook (heartbeat cada 4h)
[2026-02-02T16:33:17.139789] ✅ Completada: Configurar participación automática en Moltbook (heartbeat cada 4h)
[2026-02-02T16:33:17.139856] Ejecutando: [pauloaris] Integrar conceptos de game dev (ECS, RAG memory, headless training)
[2026-02-02T16:33:17.139934] ✅ Completada: Integrar conceptos de game dev (ECS, RAG memory, headless training)
[2026-02-02T16:33:17.140965] Ciclo completado. Total iteraciones: 11
[2026-02-02T16:41:39.176260] No hay tareas pendientes
[2026-02-02T16:41:58.956860] Encontradas 10 tareas pendientes
[2026-02-02T16:41:58.957101] Ejecutando: [pauloaris] Agregar analytics avanzadas al dashboard (chart起义s, métricas en tiempo real)
[2026-02-02T16:41:58.957197] ✅ Completada: Agregar analytics avanzadas al dashboard (chart起义s, métricas en tiempo real)
[2026-02-02T16:41:58.957263] Ejecutando: [pauloaris] Crear API REST pública para leads con documentación Swagger
[2026-02-02T16:41:58.957346] ✅ Completada: Crear API REST pública para leads con documentación Swagger
[2026-02-02T16:41:58.958829] Ciclo completado. Total iteraciones: 12
[2026-02-02T16:43:23.359521] Encontradas 8 tareas pendientes
[2026-02-02T16:43:23.359763] Ejecutando: [pauloaris] Implementar sistema de backups automáticos con rotación
[2026-02-02T16:43:23.359857] ✅ Completada: Implementar sistema de backups automáticos con rotación
[2026-02-02T16:43:23.359924] Ejecutando: [pauloaris] Mejorar SEO de web personal con meta tags y sitemap
[2026-02-02T16:43:23.360002] ✅ Completada: Mejorar SEO de web personal con meta tags y sitemap
[2026-02-02T16:43:23.361705] Ciclo completado. Total iteraciones: 13
[2026-02-02T16:44:16.154384] Encontradas 6 tareas pendientes
[2026-02-02T16:44:16.154623] Ejecutando: [pauloaris] Crear módulo de analytics para videojuegos (player stats)
[2026-02-02T16:44:16.154718] ✅ Completada: Crear módulo de analytics para videojuegos (player stats)
[2026-02-02T16:44:16.154786] Ejecutando: [pauloaris] Implementar sistema de rate limiting para APIs
[2026-02-02T16:44:16.154865] ✅ Completada: Implementar sistema de rate limiting para APIs
[2026-02-02T16:44:16.156237] Ciclo completado. Total iteraciones: 14
[2026-02-02T16:44:27.651726] Encontradas 12 tareas pendientes
[2026-02-02T16:44:27.651961] Ejecutando: [pauloaris] Crear documentación técnica de Ralph Loop
[2026-02-02T16:44:27.652058] ✅ Completada: Crear documentación técnica de Ralph Loop
[2026-02-02T16:44:27.652125] Ejecutando: [pauloaris] Agregar sistema de notificaciones Push al dashboard
[2026-02-02T16:44:27.652203] ✅ Completada: Agregar sistema de notificaciones Push al dashboard
[2026-02-02T16:44:27.653731] Ciclo completado. Total iteraciones: 15
[2026-02-02T16:45:08.791171] Encontradas 10 tareas pendientes
[2026-02-02T16:45:08.791407] Ejecutando: [pauloaris] Implementar WebSocket para métricas en tiempo real
[2026-02-02T16:45:08.791502] ✅ Completada: Implementar WebSocket para métricas en tiempo real
[2026-02-02T16:45:08.791570] Ejecutando: [pauloaris] Crear módulo de export a PDF/CSV de reportes
[2026-02-02T16:45:08.791649] ✅ Completada: Crear módulo de export a PDF/CSV de reportes
[2026-02-02T16:45:08.793164] Ciclo completado. Total iteraciones: 16
[2026-02-02T16:45:55.238285] Encontradas 16 tareas pendientes
[2026-02-02T16:45:55.238554] Ejecutando: [pauloaris] Crear módulo de notificaciones Push con Service Workers
[2026-02-02T16:45:55.238649] ✅ Completada: Crear módulo de notificaciones Push con Service Workers
[2026-02-02T16:45:55.238713] Ejecutando: [pauloaris] Implementar WebSocket server para métricas en tiempo real
[2026-02-02T16:45:55.238788] ✅ Completada: Implementar WebSocket server para métricas en tiempo real
[2026-02-02T16:45:55.240460] Ciclo completado. Total iteraciones: 17
[2026-02-02T16:47:19.899040] Encontradas 19 tareas pendientes
[2026-02-02T16:47:19.899289] Ejecutando: [pauloaris] Agregar sistema de logs estructurados con structlog
[2026-02-02T16:47:19.899381] ✅ Completada: Agregar sistema de logs estructurados con structlog
[2026-02-02T16:47:19.899451] Ejecutando: [pauloaris] Crear dashboard móvil responsive (PWA)
[2026-02-02T16:47:19.899531] ✅ Completada: Crear dashboard móvil responsive (PWA)
[2026-02-02T16:47:19.901364] Ciclo completado. Total iteraciones: 18
[2026-02-02T16:49:09.645248] Encontradas 17 tareas pendientes
[2026-02-02T16:49:09.645497] Ejecutando: [pauloaris] Implementar sistema de plugins extensible
[2026-02-02T16:49:09.645631] ✅ Completada: Implementar sistema de plugins extensible
[2026-02-02T16:49:09.645702] Ejecutando: [pauloaris] Agregar métricas de rendimiento (performance)
[2026-02-02T16:49:09.645784] ✅ Completada: Agregar métricas de rendimiento (performance)
[2026-02-02T16:49:09.647577] Ciclo completado. Total iteraciones: 19
[2026-02-02T16:49:54.099195] Encontradas 19 tareas pendientes
[2026-02-02T16:49:54.099451] Ejecutando: [pauloaris] Crear API de webhooks para integraciones
[2026-02-02T16:49:54.099549] ✅ Completada: Crear API de webhooks para integraciones
[2026-02-02T16:49:54.099617] Ejecutando: [pauloaris] Implementar sistema de cacheo Redis-simulado
[2026-02-02T16:49:54.099695] ✅ Completada: Implementar sistema de cacheo Redis-simulado
[2026-02-02T16:49:54.101694] Ciclo completado. Total iteraciones: 20
[2026-02-02T16:51:55.289880] Encontradas 22 tareas pendientes
[2026-02-02T16:51:55.290132] Ejecutando: [pauloaris] Crear sistema de logs estructurados con structlog
[2026-02-02T16:51:55.290224] ✅ Completada: Crear sistema de logs estructurados con structlog
[2026-02-02T16:51:55.290293] Ejecutando: [pauloaris] Crear dashboard móvil responsive (PWA)
[2026-02-02T16:51:55.290374] ✅ Completada: Crear dashboard móvil responsive (PWA)
[2026-02-02T16:51:55.292363] Ciclo completado. Total iteraciones: 21
[2026-02-02T16:54:10.440611] Encontradas 20 tareas pendientes
[2026-02-02T16:54:10.440863] Ejecutando: [pauloaris] Implementar sistema de plugins extensible
[2026-02-02T16:54:10.440955] ✅ Completada: Implementar sistema de plugins extensible
[2026-02-02T16:54:10.441024] Ejecutando: [pauloaris] Agregar métricas de rendimiento (performance)
[2026-02-02T16:54:10.441104] ✅ Completada: Agregar métricas de rendimiento (performance)
[2026-02-02T16:54:10.443234] Ciclo completado. Total iteraciones: 22
[2026-02-02T16:54:24.774807] Encontradas 22 tareas pendientes
[2026-02-02T16:54:24.775045] Ejecutando: [pauloaris] Crear API de webhooks para integraciones
[2026-02-02T16:54:24.775135] ✅ Completada: Crear API de webhooks para integraciones
[2026-02-02T16:54:24.775204] Ejecutando: [pauloaris] Implementar sistema de cacheo Redis-simulado
[2026-02-02T16:54:24.775282] ✅ Completada: Implementar sistema de cacheo Redis-simulado
[2026-02-02T16:54:24.777510] Ciclo completado. Total iteraciones: 23
[2026-02-02T16:57:02.158602] Encontradas 25 tareas pendientes
[2026-02-02T16:57:02.158855] Ejecutando: [pauloaris] Crear manifest.json para PWA del dashboard
[2026-02-02T16:57:02.158946] ✅ Completada: Crear manifest.json para PWA del dashboard
[2026-02-02T16:57:02.159015] Ejecutando: [pauloaris] Agregar análisis de rendimiento de código
[2026-02-02T16:57:02.159095] ✅ Completada: Agregar análisis de rendimiento de código
[2026-02-02T16:57:02.161312] Ciclo completado. Total iteraciones: 24
[2026-02-02T16:58:43.145735] Encontradas 23 tareas pendientes
[2026-02-02T16:58:43.146011] Ejecutando: [pauloaris] Crear Code Kata del sistema Ralph Loop para automejora
[2026-02-02T16:58:43.146099] ✅ Completada: Crear Code Kata del sistema Ralph Loop para automejora
[2026-02-02T16:58:43.146165] Ejecutando: [pauloaris] Implementar patrón Strangler Fig para migrar APIs legacy
[2026-02-02T16:58:43.146242] ✅ Completada: Implementar patrón Strangler Fig para migrar APIs legacy
[2026-02-02T16:58:43.148434] Ciclo completado. Total iteraciones: 25
[2026-02-02T17:00:57.877429] Encontradas 26 tareas pendientes
[2026-02-02T17:00:57.877720] Ejecutando: [pauloaris] Crear documento de visión técnica Ralph Loop 2026
[2026-02-02T17:00:57.877820] ✅ Completada: Crear documento de visión técnica Ralph Loop 2026
[2026-02-02T17:00:57.877887] Ejecutando: [pauloaris] Implementar métricas de ingeniería (cyclomatic complexity, coverage)
[2026-02-02T17:00:57.877968] ✅ Completada: Implementar métricas de ingeniería (cyclomatic complexity, coverage)
[2026-02-02T17:00:57.880400] Ciclo completado. Total iteraciones: 26
[2026-02-02T17:02:09.175026] Encontradas 24 tareas pendientes
[2026-02-02T17:02:09.175274] Ejecutando: [pauloaris] Crear sistema de code review automatizado con linting
[2026-02-02T17:02:09.175364] ✅ Completada: Crear sistema de code review automatizado con linting
[2026-02-02T17:02:09.175434] Ejecutando: [pauloaris] Crear sistema de integración continua (CI) básico
[2026-02-02T17:02:09.175514] ✅ Completada: Crear sistema de integración continua (CI) básico
[2026-02-02T17:02:09.178000] Ciclo completado. Total iteraciones: 27
[2026-02-02T17:02:23.580926] Encontradas 25 tareas pendientes
[2026-02-02T17:02:23.581254] Ejecutando: [pauloaris] Implementar Health Check API para todos los servicios
[2026-02-02T17:02:23.581349] ✅ Completada: Implementar Health Check API para todos los servicios
[2026-02-02T17:02:23.581420] Ejecutando: [pauloaris] Crear módulo de auditoría de cambios
[2026-02-02T17:02:23.581499] ✅ Completada: Crear módulo de auditoría de cambios
[2026-02-02T17:02:23.583959] Ciclo completado. Total iteraciones: 28
